Reading package lists...
Building dependency tree...
Reading state information...
build-essential is already the newest version (12.4ubuntu1).
The following packages were automatically installed and are no longer required:
  fonts-lato gir1.2-harfbuzz-0.0 icu-devtools javascript-common libglib2.0-dev
  libglib2.0-dev-bin libgraphite2-dev libharfbuzz-dev libharfbuzz-gobject0
  libicu-dev libicu-le-hb-dev libicu-le-hb0 libiculx60 libjs-jquery
  libpcre16-3 libpcre3-dev libpcre32-3 libpcrecpp0v5 libreadline-dev
  libsqlite3-dev libssl-dev libtinfo-dev libxml2-dev libxslt1-dev pkg-config
  python3-distutils python3-lib2to3 ruby-build ruby-did-you-mean ruby-minitest
  ruby-net-telnet ruby-power-assert rubygems-integration zlib1g-dev
Use 'sudo apt autoremove' to remove them.
0 to upgrade, 0 to newly install, 0 to remove and 10 not to upgrade.
Reading package lists...
Building dependency tree...
Reading state information...
ca-certificates is already the newest version (20180409).
curl is already the newest version (7.58.0-2ubuntu3.8).
gnupg is already the newest version (2.2.4-1ubuntu1.2).
The following packages were automatically installed and are no longer required:
  fonts-lato gir1.2-harfbuzz-0.0 icu-devtools javascript-common libglib2.0-dev
  libglib2.0-dev-bin libgraphite2-dev libharfbuzz-dev libharfbuzz-gobject0
  libicu-dev libicu-le-hb-dev libicu-le-hb0 libiculx60 libjs-jquery
  libpcre16-3 libpcre3-dev libpcre32-3 libpcrecpp0v5 libreadline-dev
  libsqlite3-dev libssl-dev libtinfo-dev libxml2-dev libxslt1-dev pkg-config
  python3-distutils python3-lib2to3 ruby-build ruby-did-you-mean ruby-minitest
  ruby-net-telnet ruby-power-assert rubygems-integration zlib1g-dev
Use 'sudo apt autoremove' to remove them.
0 to upgrade, 0 to newly install, 0 to remove and 10 not to upgrade.
gpg: WARNING: unsafe ownership on homedir '/home/tonymao/.gnupg'
gpg: key 105BD0E739499BDB: 8 signatures not checked due to missing keys
gpg: key 105BD0E739499BDB: "Piotr Kuczynski <piotr.kuczynski@gmail.com>" not changed
gpg: key 3804BB82D39DC0E3: 108 signatures not checked due to missing keys
gpg: key 3804BB82D39DC0E3: "Michal Papis (RVM signing) <mpapis@gmail.com>" not changed
gpg: Total number processed: 2
gpg:              unchanged: 2
Downloading https://github.com/rvm/rvm/archive/1.29.9.tar.gz
Downloading https://github.com/rvm/rvm/releases/download/1.29.9/1.29.9.tar.gz.asc
gpg: WARNING: unsafe ownership on homedir '/home/tonymao/.gnupg'
gpg: Signature made Wed 10 Jul 2019 18:31:02 AEST
gpg:                using RSA key 7D2BAF1CF37B13E2069D6956105BD0E739499BDB
gpg: Good signature from "Piotr Kuczynski <piotr.kuczynski@gmail.com>" [unknown]
gpg: WARNING: This key is not certified with a trusted signature!
gpg:          There is no indication that the signature belongs to the owner.
Primary key fingerprint: 7D2B AF1C F37B 13E2 069D  6956 105B D0E7 3949 9BDB
GPG verified '/usr/local/rvm/archives/rvm-1.29.9.tgz'
Upgrading the RVM installation in /usr/local/rvm/
Upgrade of RVM in /usr/local/rvm/ is complete.
  * Please do NOT forget to add your users to the <code>rvm</code> group.
     The installer no longer auto-adds root or users to the rvm group. Admins must do this.
     Also, please note that group memberships are ONLY evaluated at login time.
     This means that users must log out then back in before group membership takes effect!

<warn>Thanks for installing RVM 🙏</warn>
Please consider donating to our open collective to help us maintain RVM.

👉  Donate: <code>https://opencollective.com/rvm/donate</code>


./setup.sh: line 13: rvm: command not found
Required ruby-2.3.1 is not installed.
To install do: 'rvm install "ruby-2.3.1"'
Required ruby-2.3.1 is not installed.
To install do: 'rvm install "ruby-2.3.1"'
  % Total    % Received % Xferd  Average Speed   Time    Time     Time  Current
                                 Dload  Upload   Total   Spent    Left  Speed
  0     0    0     0    0     0      0      0 --:--:-- --:--:-- --:--:--     0Warning: apt-key output should not be parsed (stdout is not a terminal)
  0     0    0     0    0     0      0      0 --:--:-- --:--:-- --:--:--     0  0     0    0     0    0     0      0      0 --:--:--  0:00:01 --:--:--     0  0     0    0     0    0     0      0      0 --:--:--  0:00:02 --:--:--     0100  4812  100  4812    0     0   2131      0  0:00:02  0:00:02 --:--:--  2130
OK
Hit:1 http://au.archive.ubuntu.com/ubuntu bionic InRelease
Hit:2 http://au.archive.ubuntu.com/ubuntu bionic-updates InRelease
Hit:3 http://au.archive.ubuntu.com/ubuntu bionic-backports InRelease
Hit:4 http://apt.postgresql.org/pub/repos/apt bionic-pgdg InRelease
Get:5 http://security.ubuntu.com/ubuntu bionic-security InRelease [88.7 kB]
Ign:6 http://dl.google.com/linux/chrome/deb stable InRelease
Hit:7 http://dl.google.com/linux/chrome/deb stable Release
Fetched 88.7 kB in 2s (54.6 kB/s)
Reading package lists...
Reading package lists...
Building dependency tree...
Reading state information...
libpq-dev is already the newest version (12.1-1.pgdg18.04+1).
postgresql-9.6 is already the newest version (9.6.16-1.pgdg18.04+1).
The following packages were automatically installed and are no longer required:
  fonts-lato gir1.2-harfbuzz-0.0 icu-devtools javascript-common libglib2.0-dev
  libglib2.0-dev-bin libgraphite2-dev libharfbuzz-dev libharfbuzz-gobject0
  libicu-dev libicu-le-hb-dev libicu-le-hb0 libiculx60 libjs-jquery
  libpcre16-3 libpcre3-dev libpcre32-3 libpcrecpp0v5 libreadline-dev
  libsqlite3-dev libssl-dev libtinfo-dev libxml2-dev libxslt1-dev pkg-config
  python3-distutils python3-lib2to3 ruby-build ruby-did-you-mean ruby-minitest
  ruby-net-telnet ruby-power-assert rubygems-integration zlib1g-dev
Use 'sudo apt autoremove' to remove them.
0 to upgrade, 0 to newly install, 0 to remove and 10 not to upgrade.
ERROR:  role "dev_admin" already exists
Reading package lists...
Building dependency tree...
Reading state information...
nodejs is already the newest version (8.10.0~dfsg-2ubuntu0.4).
The following packages were automatically installed and are no longer required:
  fonts-lato gir1.2-harfbuzz-0.0 icu-devtools javascript-common libglib2.0-dev
  libglib2.0-dev-bin libgraphite2-dev libharfbuzz-dev libharfbuzz-gobject0
  libicu-dev libicu-le-hb-dev libicu-le-hb0 libiculx60 libjs-jquery
  libpcre16-3 libpcre3-dev libpcre32-3 libpcrecpp0v5 libreadline-dev
  libsqlite3-dev libssl-dev libtinfo-dev libxml2-dev libxslt1-dev pkg-config
  python3-distutils python3-lib2to3 ruby-build ruby-did-you-mean ruby-minitest
  ruby-net-telnet ruby-power-assert rubygems-integration zlib1g-dev
Use 'sudo apt autoremove' to remove them.
0 to upgrade, 0 to newly install, 0 to remove and 10 not to upgrade.
/usr/bin/env: ‘ruby’: No such file or directory
./setup.sh: line 33: rake: command not found

Ensure your application is configured to connect to postgresql on port "5432".
Start the server again by executing 'rails s'

./setup.sh: line 40: rails: command not found
